<?xml version="1.0" encoding="UTF-8"?>
<!-- Generated by org.testng.reporters.JUnitReportReporter -->
<testsuite hostname="DESKTOP-7T06DAI" failures="0" tests="2" name="qa.ecom.testCases.signInPageTest" time="77.975" errors="0" timestamp="2022-05-17T10:34:57 EDT" skipped="0">
  <testcase classname="qa.ecom.testCases.signInPageTest" name="signInPageTitleTest" time="27.148"/>
  <system-out/>
  <testcase classname="qa.ecom.testCases.signInPageTest" name="checkLogin" time="50.827"/>
  <system-out/>
</testsuite> <!-- qa.ecom.testCases.signInPageTest -->
